<?xml version="1.0" encoding="UTF-8"?>
<!-- Generated by org.testng.reporters.JUnitReportReporter -->
<testsuite hostname="kathia" failures="0" tests="3" name="test_runner.Testng_runner" time="80.058" errors="0" timestamp="2024-04-17T14:39:44 EDT" skipped="0">
  <testcase classname="test_runner.Testng_runner" name="runScenario" time="44.252"/>
  <system-out/>
  <testcase classname="test_runner.Testng_runner" name="runScenario" time="24.227"/>
  <system-out/>
  <testcase classname="test_runner.Testng_runner" name="runScenario" time="11.579"/>
  <system-out/>
</testsuite> <!-- test_runner.Testng_runner -->
